c:\users\jason\documents\visual studio 2022\wpfgameengine\clrgameenginelibrary\x64\debug\clrgameenginelibrary.pch
c:\users\jason\documents\visual studio 2022\wpfgameengine\clrgameenginelibrary\x64\debug\vc143.pdb
c:\users\jason\documents\visual studio 2022\wpfgameengine\clrgameenginelibrary\x64\debug\pch.obj
c:\users\jason\documents\visual studio 2022\wpfgameengine\clrgameenginelibrary\x64\debug\clrgameenginelibrary.obj
c:\users\jason\documents\visual studio 2022\wpfgameengine\clrgameenginelibrary\x64\debug\assemblyinfo.obj
c:\users\jason\documents\visual studio 2022\wpfgameengine\clrgameenginelibrary\x64\debug\.netframework,version=v4.7.2.assemblyattributes.obj
c:\users\jason\documents\visual studio 2022\wpfgameengine\x64\debug\clrgameenginelibrary.dll
c:\users\jason\documents\visual studio 2022\wpfgameengine\x64\debug\clrgameenginelibrary.pdb
c:\users\jason\documents\visual studio 2022\wpfgameengine\clrgameenginelibrary\x64\debug\app.res
c:\users\jason\documents\visual studio 2022\wpfgameengine\clrgameenginelibrary\x64\debug\clrgamee.a8102045.tlog\cl.command.1.tlog
c:\users\jason\documents\visual studio 2022\wpfgameengine\clrgameenginelibrary\x64\debug\clrgamee.a8102045.tlog\cl.items.tlog
c:\users\jason\documents\visual studio 2022\wpfgameengine\clrgameenginelibrary\x64\debug\clrgamee.a8102045.tlog\cl.read.1.tlog
c:\users\jason\documents\visual studio 2022\wpfgameengine\clrgameenginelibrary\x64\debug\clrgamee.a8102045.tlog\cl.write.1.tlog
c:\users\jason\documents\visual studio 2022\wpfgameengine\clrgameenginelibrary\x64\debug\clrgamee.a8102045.tlog\link.command.1.tlog
c:\users\jason\documents\visual studio 2022\wpfgameengine\clrgameenginelibrary\x64\debug\clrgamee.a8102045.tlog\link.read.1.tlog
c:\users\jason\documents\visual studio 2022\wpfgameengine\clrgameenginelibrary\x64\debug\clrgamee.a8102045.tlog\link.write.1.tlog
c:\users\jason\documents\visual studio 2022\wpfgameengine\clrgameenginelibrary\x64\debug\clrgamee.a8102045.tlog\metagen.read.1.tlog
c:\users\jason\documents\visual studio 2022\wpfgameengine\clrgameenginelibrary\x64\debug\clrgamee.a8102045.tlog\metagen.write.1.tlog
c:\users\jason\documents\visual studio 2022\wpfgameengine\clrgameenginelibrary\x64\debug\clrgamee.a8102045.tlog\rc.command.1.tlog
c:\users\jason\documents\visual studio 2022\wpfgameengine\clrgameenginelibrary\x64\debug\clrgamee.a8102045.tlog\rc.read.1.tlog
c:\users\jason\documents\visual studio 2022\wpfgameengine\clrgameenginelibrary\x64\debug\clrgamee.a8102045.tlog\rc.write.1.tlog
